*******************************************************
*                                                     *
*                 TEMPO version 13.103                *
*           Analysis of pulsar timing data            *
*         TEMPO git version date:  2021-03-19         *
*         TEMPO git version id:    ffe81e4            *
*         Run time:  14-JAN-22  21:33:11 UTC          *
*                                                     *
*******************************************************


                    Observatory Coordinates

     Observatory     Geodetic lat   Geodetic long   Elevation
                      ddmmss.ss       ddmmss.ss         m

1 GB GBT XYZ           882589.65     -4924872.32   3943729.3
2 QU QUABBIN           422333.20       722040.40       306.0
3 AO ARECIBO XYZ      2390490.00     -5564764.00   1994727.0
4 HO Hobart, Tasm     -424818.00     -1472621.00        50.0
5 PR PRINCETON         402047.70       743853.85        43.0
6 VL VLA XYZ         -1601192.00     -5041981.40   3554871.4
7 PK PARKES  XYZ     -4554231.50      2816759.10  -3454036.3
8 JB JODRELL BANK     3822626.04      -154105.65   5086486.0
9 G3 GB 300FT          382546.30       795056.36       893.7
A G1 GB 140FT          382615.41       795009.61       880.9
B G8 GB 85-3           382545.90       795036.87       835.8
C V2 VLA SITE          340443.50      1073703.82      2124.0
D BO NORTHERN CRO      443118.48      -113848.48        25.0
E MO MOST            -4483311.64      2648815.92  -3671909.3
F NC Nancay           4324165.81       165927.11   4670132.8
G EF Effelsberg       4033949.50       486989.40   4900430.8
H J2 JB_MKII          3822846.76      -153802.28   5086285.9
I WS WSRT             3828445.66       445223.60   5064921.6
K FA FAST            -1668557.00      5506838.00   2744934.0
M MK MEERKAT          5109360.13      2006852.59  -3238948.1
R GM GMRT             1656342.30      5797947.77   2073243.2
S SH SHAO 65m XYZ    -2826711.95      4679231.63   3274665.7
T LF LOFAR            3826577.46       461022.62   5064892.5
U MW MWA             -2559454.08      5095372.14  -2849057.2
V PV PICO VELETA      5088964.00       301689.80   3825017.0
X LW LWA1            -1602206.59     -5042244.29   3554076.3
Y CH CHIME (real)    -2058795.00     -3621559.00   4814280.0
Z SR SRT              4865182.77       791922.69   4035137.2
- LS LWA-SV          -1531155.54     -5045324.31   3579583.9
- G2 GB 20m XYZ        883772.80     -4924385.60   3944042.5
P P0 Pushchino         544919.20       373819.50       250.0

Input data from 1112.tim,  Parameters from 1112.par
Observatory data from /home/dmitrijandreev/tempo/obsys.dat                   
Tempo command: tempo -f 1112.par 1112.tim


Binary model: None     nbin:  0   nddm: 0

Assumed parameters -- PSR J1112+50

RA:            11:16:46.22608696
DEC:           50:50:52.83054054
F0 (s-1):    0.60370441726059043      (P0 (s):   1.6564397599369355962)
F1 (s-2):     0.000000000000D+00      (P1 (-15):       -0.000000000000)
F2 (s-3):        0.000000000D+00
F3 (s-4):           0.000000D+00
P Epoch (MJD):    49334.00000000
Finish MJD:           0.00000000
DM (cm-3 pc):           9.186340

Fit for  5 parameters, including phase but excluding jumps

    N     TOBS   WORD    NJMP    WGT     DTIME       TIME     DPHASE      PHASE



Normalized covariance matrix in "number of 9's" format:

            G  1234
            -  ----
  1.     f0|5  *5 1
  2.     f1|5  5* 1
  3.    Dec|1    * 
  4.     RA|1  11 *
            -  ----
            G  1234


   N     TOBS         Date      FREQ    WGT      NPULSE     R1(P)  R2(-3) PH/DT

   1 58139.98280 D 21-JAN-18  111.879 1.000    459320847   0.000 -201.84  0.000
   2 58142.97460 G 24-JAN-18  111.879 1.000    459476904   0.152   64.60  0.000
   3 58144.96914 I 26-JAN-18  111.879 1.000    459580942   0.254  243.32  0.000
   4 58146.96368 K 28-JAN-18  111.879 1.000    459684980   0.360  427.58  0.000
   5 58148.95821 M 30-JAN-18  111.879 1.000    459789017   0.468  614.83  0.000
   6 58150.95277 O  1-FEB-18  111.879 1.000    459893056  -0.425 -854.65  0.000
   7 58158.93092 W  9-FEB-18  111.879 1.000    460309202   0.015  -91.29  0.000
   8 58164.91453 C 15-FEB-18  111.879 1.000    460621308   0.378  533.87  0.000
   9 58166.90907 E 17-FEB-18  111.879 1.000    460725343   0.498  739.68  0.000
  10 58168.90361 G 19-FEB-18  111.879 1.000    460829379  -0.380 -707.65  0.000
  11 58170.89814 I 21-FEB-18  111.879 1.000    460933413  -0.257 -495.61  0.000
  12 58184.85992 W  7-MAR-18  111.879 1.000    461661648  -0.338 -583.81  0.000
  13 58186.85447 Y  9-MAR-18  111.879 1.000    461765681  -0.200 -350.01  0.000
  14 58188.84901 A 11-MAR-18  111.879 1.000    461869713  -0.061 -114.55  0.000
  15 58191.84082 D 14-MAR-18  111.879 1.000    462025761   0.149  241.58  0.000
  16 58193.83535 F 16-MAR-18  111.879 1.000    462129792   0.290  480.01  0.000
  17 58195.82989 H 18-MAR-18  111.879 1.000    462233823   0.434  723.14  0.000
  18 58197.82442 J 20-MAR-18  111.879 1.000    462337855  -0.422 -689.88  0.000
  19 58199.81897 L 22-MAR-18  111.879 1.000    462441886  -0.275 -441.66  0.000
  20 58201.81351 N 24-MAR-18  111.879 1.000    462545917  -0.127 -191.74  0.000
  21 58204.80531 Q 27-MAR-18  111.879 1.000    462701962   0.096  182.85  0.000
  22 58206.79985 S 29-MAR-18  111.879 1.000    462805992   0.248  438.50  0.000
  23 58210.78894 W  2-APR-18  111.879 1.000    463014053  -0.448 -705.89  0.000
  24 58212.78349 Y  4-APR-18  111.879 1.000    463118083  -0.292 -444.71  0.000
  25 58214.77802 A  6-APR-18  111.879 1.000    463222112  -0.137 -185.62  0.000
  26 58216.77255 C  8-APR-18  111.879 1.000    463326141   0.018   74.44  0.000
  27 58218.76709 E 10-APR-18  111.879 1.000    463430170   0.175  337.74  0.000
  28 58220.76163 G 12-APR-18  111.879 1.000    463534199   0.334  602.81  0.000
  29 58222.75618 I 14-APR-18  111.879 1.000    463638228   0.488  859.81  0.000
  30 58224.75071 K 16-APR-18  111.879 1.000    463742257  -0.349 -523.34  0.000
  31 58226.74526 M 18-APR-18  111.879 1.000    463846286  -0.188 -255.09  0.000
  32 58228.73979 O 20-APR-18  111.879 1.000    463950314  -0.027   14.20  0.000
  33 58231.73159 R 23-APR-18  111.879 1.000    464106356   0.216  418.99  0.000
  34 58236.71794 W 28-APR-18  111.879 1.000    464366427  -0.374 -556.65  0.000
  35 58238.71249 Y 30-APR-18  111.879 1.000    464470455  -0.210 -282.70  0.000
  36 58241.70430 B  3-MAY-18  111.879 1.000    464626497   0.038  128.34  0.000
  37 58245.69338 F  7-MAY-18  111.879 1.000    464834552   0.367  675.04  0.000
  38 58248.68518 I 10-MAY-18  111.879 1.000    464990594  -0.383 -567.74  0.000
  39 58250.67973 K 12-MAY-18  111.879 1.000    465094622  -0.219 -295.49  0.000
  40 58252.67426 M 14-MAY-18  111.879 1.000    465198649  -0.050  -15.63  0.000
  41 58254.66881 O 16-MAY-18  111.879 1.000    465302677   0.117  259.35  0.000
  42 58256.66333 Q 18-MAY-18  111.879 1.000    465406704   0.283  534.78  0.000
  43 58269.62785 D 31-MAY-18  111.879 1.000    466082885   0.360  655.61  0.000
  44 58272.61965 G  3-JUN-18  111.879 1.000    466238927  -0.392 -591.31  0.000
  45 58274.61419 I  5-JUN-18  111.879 1.000    466342955  -0.229 -322.87  0.000
  46 58277.60600 L  8-JUN-18  111.879 1.000    466498997   0.018   84.79  0.000
  47 58279.60054 N 10-JUN-18  111.879 1.000    466603025   0.180  350.50  0.000
  48 58282.59236 Q 13-JUN-18  111.879 1.000    466759068   0.425  754.44  0.000
  49 58284.58690 S 15-JUN-18  111.879 1.000    466863097  -0.415 -639.27  0.000
  50 58286.58143 U 17-JUN-18  111.879 1.000    466967125  -0.254 -374.36  0.000
  51 58288.57597 W 19-JUN-18  111.879 1.000    467071154  -0.095 -114.08  0.000
  52 58290.57052 Y 21-JUN-18  111.879 1.000    467175183   0.066  150.92  0.000
  53 58292.56506 A 23-JUN-18  111.879 1.000    467279212   0.223  409.13  0.000
  54 58294.55960 C 25-JUN-18  111.879 1.000    467383241   0.380  667.76  0.000
  55 58296.55413 E 27-JUN-18  111.879 1.000    467487271  -0.462 -730.65  0.000
  56 58298.54867 G 29-JUN-18  111.879 1.000    467591300  -0.307 -474.98  0.000
  57 58300.54321 I  1-JUL-18  111.879 1.000    467695330  -0.153 -223.30  0.000
  58 58303.53501 L  4-JUL-18  111.879 1.000    467851374   0.076  153.35  0.000
  59 58305.52955 N  6-JUL-18  111.879 1.000    467955404   0.230  405.43  0.000
  60 58307.52411 P  8-JUL-18  111.879 1.000    468059435   0.380  651.95  0.000
  61 58310.51590 S 11-JUL-18  111.879 1.000    468215481  -0.397 -638.72  0.000
  62 58312.51045 U 13-JUL-18  111.879 1.000    468319512  -0.248 -394.23  0.000
  63 58314.50499 W 15-JUL-18  111.879 1.000    468423543  -0.102 -155.00  0.000
  64 58318.49406 A 19-JUL-18  111.879 1.000    468631605   0.187  317.73  0.000
  65 58320.48861 C 21-JUL-18  111.879 1.000    468735637   0.331  554.04  0.000
  66 58322.48313 E 23-JUL-18  111.879 1.000    468839668   0.472  784.58  0.000
  67 58324.47767 G 25-JUL-18  111.879 1.000    468943701  -0.389 -643.57  0.000
  68 58326.47223 I 27-JUL-18  111.879 1.000    469047734  -0.251 -417.06  0.000
  69 58329.46402 L 30-JUL-18  111.879 1.000    469203782  -0.046  -80.61  0.000
  70 58332.45584 O  2-AUG-18  111.879 1.000    469359832   0.158  252.59  0.000
  71 58334.45038 Q  4-AUG-18  111.879 1.000    469463865   0.290  468.73  0.000
  72 58336.44491 S  6-AUG-18  111.879 1.000    469567898   0.420  681.53  0.000
  73 58339.43672 V  9-AUG-18  111.879 1.000    469723950  -0.385 -654.69  0.000
  74 58341.43126 X 11-AUG-18  111.879 1.000    469827984  -0.257 -445.14  0.000
  75 58344.42308 A 14-AUG-18  111.879 1.000    469984036  -0.068 -134.84  0.000
  76 58372.34663 C 11-SEP-18  111.879 1.000    471440548  -0.473 -831.75  0.000
  77 58374.34116 E 13-SEP-18  111.879 1.000    471544586  -0.371 -663.52  0.000
  78 58376.33571 G 15-SEP-18  111.879 1.000    471648625  -0.268 -493.74  0.000
  79 58378.33025 I 17-SEP-18  111.879 1.000    471752664  -0.170 -333.18  0.000
  80 58380.32479 K 19-SEP-18  111.879 1.000    471856703  -0.070 -167.54  0.000
  81 58382.31932 M 21-SEP-18  111.879 1.000    471960742   0.027   -8.34  0.000
  82 58384.31387 O 23-SEP-18  111.879 1.000    472064782   0.124  151.24  0.000
  83 58386.30840 Q 25-SEP-18  111.879 1.000    472168821   0.217  304.03  0.000
  84 58388.30294 S 27-SEP-18  111.879 1.000    472272861   0.312  461.14  0.000
  85 58390.29747 U 29-SEP-18  111.879 1.000    472376901   0.403  612.05  0.000
  86 58392.29203 W  1-OCT-18  111.879 1.000    472480942   0.495  763.62  0.000
  87 58404.25926 I 13-OCT-18  111.879 1.000    473105189   0.022  -22.32  0.000
  88 58406.25379 K 15-OCT-18  111.879 1.000    473209230   0.105  115.01  0.000
  89 58408.24834 M 17-OCT-18  111.879 1.000    473313272   0.186  250.27  0.000
  90 58410.24288 O 19-OCT-18  111.879 1.000    473417314   0.271  390.21  0.000
  91 58412.23742 Q 21-OCT-18  111.879 1.000    473521356   0.350  521.74  0.000
  92 58417.22375 V 26-OCT-18  111.879 1.000    473781462  -0.449 -800.90  0.000
  93 58419.21830 X 28-OCT-18  111.879 1.000    473885505  -0.370 -669.68  0.000
  94 58421.21283 Z 30-OCT-18  111.879 1.000    473989547  -0.291 -537.46  0.000
  95 58423.20738 B  1-NOV-18  111.879 1.000    474093590  -0.214 -410.52  0.000
  96 58425.20192 D  3-NOV-18  111.879 1.000    474197633  -0.137 -281.37  0.000
  97 58429.19099 H  7-NOV-18  111.879 1.000    474405718   0.019  -21.42  0.000
  98 58431.18553 J  9-NOV-18  111.879 1.000    474509761   0.097  107.75  0.000
  99 58433.18007 L 11-NOV-18  111.879 1.000    474613804   0.174  236.43  0.000
 100 58435.17461 N 13-NOV-18  111.879 1.000    474717847   0.251  364.00  0.000
 101 58437.16915 P 15-NOV-18  111.879 1.000    474821890   0.326  489.78  0.000
 102 58439.16369 R 17-NOV-18  111.879 1.000    474925933   0.404  619.57  0.000
 103 58441.15823 T 19-NOV-18  111.879 1.000    475029976   0.478  743.59  0.000
 104 58443.15277 V 21-NOV-18  111.879 1.000    475134020  -0.445 -784.62  0.000
 105 58446.14458 Y 24-NOV-18  111.879 1.000    475290085  -0.331 -594.65  0.000
 106 58448.13912 A 26-NOV-18  111.879 1.000    475394128  -0.252 -462.45  0.000
 107 58453.12547 F  1-DEC-18  111.879 1.000    475654235  -0.062 -145.03  0.000
 108 58455.12001 H  3-DEC-18  111.879 1.000    475758278   0.017  -14.19  0.000
 109 58457.11455 J  5-DEC-18  111.879 1.000    475862321   0.096  118.43  0.000
 110 58459.10908 L  7-DEC-18  111.879 1.000    475966363   0.175  249.33  0.000
 111 58461.10363 N  9-DEC-18  111.879 1.000    476070406   0.251  377.74  0.000
 112 58463.09816 P 11-DEC-18  111.879 1.000    476174448   0.335  517.41  0.000
 113 58465.09271 R 13-DEC-18  111.879 1.000    476278491   0.415  650.07  0.000
 114 58467.08724 T 15-DEC-18  111.879 1.000    476382533   0.496  786.22  0.000
 115 58469.08178 V 17-DEC-18  111.879 1.000    476486576  -0.423 -736.58  0.000
 116 58471.07632 X 19-DEC-18  111.879 1.000    476590618  -0.338 -594.18  0.000
 117 58473.07086 Z 21-DEC-18  111.879 1.000    476694660  -0.254 -454.32  0.000
 118 58475.06540 B 23-DEC-18  111.879 1.000    476798702  -0.170 -315.29  0.000
 119 58477.05993 D 25-DEC-18  111.879 1.000    476902743  -0.082 -167.42  0.000
 120 58479.05448 F 27-DEC-18  111.879 1.000    477006785   0.005  -23.90  0.000
 121 58481.04902 H 29-DEC-18  111.879 1.000    477110826   0.093  122.88  0.000
 122 58483.04356 J 31-DEC-18  111.879 1.000    477214867   0.182  270.16  0.000
 123 58485.03810 L  2-JAN-19  111.879 1.000    477318908   0.273  421.24  0.000
 124 58487.03265 N  4-JAN-19  111.879 1.000    477422949   0.364  572.67  0.000
 125 58489.02718 P  6-JAN-19  111.879 1.000    477526989   0.456  725.78  0.000
 126 58491.02171 R  8-JAN-19  111.879 1.000    477631030  -0.450 -775.30  0.000
 127 58493.01625 T 10-JAN-19  111.879 1.000    477735070  -0.353 -614.58  0.000
 128 58495.01079 V 12-JAN-19  111.879 1.000    477839110  -0.256 -453.27  0.000
 129 58497.00534 X 14-JAN-19  111.879 1.000    477943150  -0.157 -290.68  0.000
 130 58499.99715 A 16-JAN-19  111.879 1.000    478099209  -0.008  -43.67  0.000
 131 58501.99169 B 18-JAN-19  111.879 1.000    478203248   0.094  125.16  0.000
 132 58503.98623 D 20-JAN-19  111.879 1.000    478307287   0.198  296.07  0.000

PSR J1112+50      Ephem.: DE200  Clock: UNCORR        Ref. MJD:   49334.0000

      RA                DEC            PM RA    PM DEC     PM RV   PARALLAX

11 16 46.22608696  50 50 52.8305405    0.0000    0.0000    0.0000    0.0000
      -0.80554106       -65.4781860    0.0000    0.0000    0.0000    0.0000
       9.89547774        92.5341506    0.0000    0.0000    0.0000    0.0000
11 16 45.42054590  50 49 47.3523545    0.0000    0.0000    0.0000    0.0000

          F0                  F1(D-15)       F2(D-00)     F3(D-00)

   0.60370441726059043    0.000000000000   0.000000000    0.000000
   0.00000089836998743   -1.152596429080  -0.000000000   -0.000000
   0.00000184172522293    2.371221161652   0.000000000    0.000000
   0.60370531563057783   -1.152596429080   0.000000000    0.000000

          P0                  P1(D-15)         DM         DM1       PPN GAM

 1.6564397599369355962   -0.000000000000    9.186340    0.000000    1.000000
-0.0000024649373258079    3.162476231002    0.000000    0.000000    0.000000
 0.0000050532971425241    6.506119898526    0.000000    0.000000    0.000000
 1.6564372949996097883    3.162476231002    9.186340    0.000000    1.000000

Weighted RMS residual: pre-fit478911.312 us. Predicted post-fit475608.871 us.
